<?xml version="1.0" encoding="UTF-8"?>
<testsuite xmlns:xsi="http://www.w3.org/2001/XMLSchema-instance" xsi:noNamespaceSchemaLocation="https://maven.apache.org/surefire/maven-surefire-plugin/xsd/surefire-test-report-3.0.xsd" version="3.0" name="br.edu.unifio.sistemabiomedicina.SistemaBiomedicinaApplicationTests" time="2.772" tests="1" errors="0" skipped="0" failures="0">
  <properties>
[...]
</properties>
  <testcase name="contextLoads" classname="br.edu.unifio.sistemabiomedicina.SistemaBiomedicinaApplicationTests" time="0.299">
    <system-out><![CDATA[16:31:16.466 [main] INFO org.springframework.test.context.support.AnnotationConfigContextLoaderUtils -- Could not detect default configuration classes for test class [br.edu.unifio.sistemabiomedicina.SistemaBiomedicinaApplicationTests]: SistemaBiomedicinaApplicationTests does not declare any static, non-private, non-final, nested classes annotated with @Configuration.
16:31:16.517 [main] INFO org.springframework.boot.test.context.SpringBootTestContextBootstrapper -- Found @SpringBootConfiguration br.edu.unifio.sistemabiomedicina.SistemaBiomedicinaApplication for test class br.edu.unifio.sistemabiomedicina.SistemaBiomedicinaApplicationTests

  .   ____          _            __ _ _
 /\\ / ___'_ __ _ _(_)_ __  __ _ \ \ \ \
( ( )\___ | '_ | '_| | '_ \/ _` | \ \ \ \
 \\/  ___)| |_)| | | | | || (_| |  ) ) ) )
  '  |____| .__|_| |_|_| |_\__, | / / / /
 =========|_|==============|___/=/_/_/_/
 :: Spring Boot ::                (v3.1.4)

2023-11-24T16:31:16.705-03:00  INFO 11056 --- [           main] e.u.s.SistemaBiomedicinaApplicationTests : Starting SistemaBiomedicinaApplicationTests using Java 17.0.8 with PID 11056 (started by lucasfrezende in /Users/lucasfrezende/Library/CloudStorage/OneDrive-FaculdadesIntegradasdeOurinhos/Documentos/IntelliJProjects/sistema-biomedicina)
2023-11-24T16:31:16.706-03:00  INFO 11056 --- [           main] e.u.s.SistemaBiomedicinaApplicationTests : No active profile set, falling back to 1 default profile: "default"
2023-11-24T16:31:17.023-03:00  INFO 11056 --- [           main] .s.d.r.c.RepositoryConfigurationDelegate : Bootstrapping Spring Data JPA repositories in DEFAULT mode.
2023-11-24T16:31:17.034-03:00  INFO 11056 --- [           main] .s.d.r.c.RepositoryConfigurationDelegate : Finished Spring Data repository scanning in 8 ms. Found 0 JPA repository interfaces.
2023-11-24T16:31:17.269-03:00  INFO 11056 --- [           main] o.hibernate.jpa.internal.util.LogHelper  : HHH000204: Processing PersistenceUnitInfo [name: default]
2023-11-24T16:31:17.306-03:00  INFO 11056 --- [           main] org.hibernate.Version                    : HHH000412: Hibernate ORM core version 6.2.9.Final
2023-11-24T16:31:17.307-03:00  INFO 11056 --- [           main] org.hibernate.cfg.Environment            : HHH000406: Using bytecode reflection optimizer
2023-11-24T16:31:17.377-03:00  INFO 11056 --- [           main] o.h.b.i.BytecodeProviderInitiator        : HHH000021: Bytecode provider name : bytebuddy
2023-11-24T16:31:17.433-03:00  INFO 11056 --- [           main] o.s.o.j.p.SpringPersistenceUnitInfo      : No LoadTimeWeaver setup: ignoring JPA class transformer
2023-11-24T16:31:17.442-03:00  INFO 11056 --- [           main] com.zaxxer.hikari.HikariDataSource       : HikariPool-1 - Starting...
2023-11-24T16:31:17.643-03:00  INFO 11056 --- [           main] com.zaxxer.hikari.pool.HikariPool        : HikariPool-1 - Added connection com.mysql.cj.jdbc.ConnectionImpl@27896d3b
2023-11-24T16:31:17.644-03:00  INFO 11056 --- [           main] com.zaxxer.hikari.HikariDataSource       : HikariPool-1 - Start completed.
2023-11-24T16:31:17.817-03:00  INFO 11056 --- [           main] o.h.b.i.BytecodeProviderInitiator        : HHH000021: Bytecode provider name : bytebuddy
2023-11-24T16:31:18.191-03:00  INFO 11056 --- [           main] o.h.e.t.j.p.i.JtaPlatformInitiator       : HHH000490: Using JtaPlatform implementation: [org.hibernate.engine.transaction.jta.platform.internal.NoJtaPlatform]
2023-11-24T16:31:18.272-03:00  INFO 11056 --- [           main] j.LocalContainerEntityManagerFactoryBean : Initialized JPA EntityManagerFactory for persistence unit 'default'
2023-11-24T16:31:18.850-03:00  INFO 11056 --- [           main] e.u.s.SistemaBiomedicinaApplicationTests : Started SistemaBiomedicinaApplicationTests in 2.267 seconds (process running for 2.686)
]]></system-out>
  </testcase>
</testsuite>